# JRE version: OpenJDK Runtime Environment (21.0.9) (build 21.0.9+-14787801-b1163.94)
# Java VM: OpenJDK 64-Bit Server VM (21.0.9+-14787801-b1163.94, mixed mode, tiered, compressed oops, compressed class ptrs, g1 gc, windows-amd64)
GC Precious Log:
 CardTable entry size: 512
 Card Set container configuration: InlinePtr #cards 5 size 8 Array Of Cards #cards 12 size 40 Howl #buckets 4 coarsen threshold 1843 Howl Bitmap #cards 512 size 80 coarsen threshold 460 Card regions per heap region 1 cards per card region 2048
 CPUs: 12 total, 12 available
 Memory: 15741M
 Large Page Support: Disabled
 NUMA Support: Disabled
 Compressed Oops: Enabled (32-bit)
 Heap Region Size: 1M
 Heap Min Capacity: 8M
 Heap Initial Capacity: 246M
 Heap Max Capacity: 2G
 Pre-touch: Disabled
 Parallel Workers: 10
 Concurrent Workers: 3
 Concurrent Refinement Workers: 10
 Periodic GC: Disabled
Heap:
 garbage-first heap   total 358400K, used 282105K [0x0000000080000000, 0x0000000100000000)
  region size 1024K, 4 young (4096K), 4 survivors (4096K)
 Metaspace       used 125433K, committed 127744K, reserved 1179648K
  class space    used 17697K, committed 18816K, reserved 1048576K
GC Heap History (20 events):
Event: 19.265 GC heap after
{Heap after GC invocations=43 (full 0):
 garbage-first heap   total 188416K, used 129170K [0x0000000080000000, 0x0000000100000000)
  region size 1024K, 8 young (8192K), 8 survivors (8192K)
 Metaspace       used 115710K, committed 117952K, reserved 1179648K
  class space    used 16398K, committed 17472K, reserved 1048576K
}
Event: 19.435 GC heap before
{Heap before GC invocations=44 (full 0):
 garbage-first heap   total 217088K, used 172178K [0x0000000080000000, 0x0000000100000000)
  region size 1024K, 51 young (52224K), 8 survivors (8192K)
 Metaspace       used 115714K, committed 117952K, reserved 1179648K
  class space    used 16398K, committed 17472K, reserved 1048576K
}
Event: 19.440 GC heap after
{Heap after GC invocations=45 (full 0):
 garbage-first heap   total 217088K, used 130541K [0x0000000080000000, 0x0000000100000000)
  region size 1024K, 4 young (4096K), 4 survivors (4096K)
 Metaspace       used 115714K, committed 117952K, reserved 1179648K
  class space    used 16398K, committed 17472K, reserved 1048576K
}
Event: 19.942 GC heap before
{Heap before GC invocations=45 (full 0):
 garbage-first heap   total 217088K, used 196077K [0x0000000080000000, 0x0000000100000000)
  region size 1024K, 69 young (70656K), 4 survivors (4096K)
 Metaspace       used 116249K, committed 118400K, reserved 1179648K
  class space    used 16504K, committed 17536K, reserved 1048576K
}
Event: 19.947 GC heap after
{Heap after GC invocations=46 (full 0):
 garbage-first heap   total 217088K, used 132715K [0x0000000080000000, 0x0000000100000000)
  region size 1024K, 7 young (7168K), 7 survivors (7168K)
 Metaspace       used 116249K, committed 118400K, reserved 1179648K
  class space    used 16504K, committed 17536K, reserved 1048576K
}
Event: 20.298 GC heap before
{Heap before GC invocations=46 (full 0):
 garbage-first heap   total 217088K, used 197227K [0x0000000080000000, 0x0000000100000000)
  region size 1024K, 71 young (72704K), 7 survivors (7168K)
 Metaspace       used 116555K, committed 118784K, reserved 1179648K
  class space    used 16538K, committed 17600K, reserved 1048576K
}
Event: 20.304 GC heap after
{Heap after GC invocations=47 (full 0):
 garbage-first heap   total 217088K, used 135659K [0x0000000080000000, 0x0000000100000000)
  region size 1024K, 6 young (6144K), 6 survivors (6144K)
 Metaspace       used 116555K, committed 118784K, reserved 1179648K
  class space    used 16538K, committed 17600K, reserved 1048576K
}
Event: 21.039 GC heap before
{Heap before GC invocations=48 (full 0):
 garbage-first heap   total 229376K, used 198123K [0x0000000080000000, 0x0000000100000000)
  region size 1024K, 68 young (69632K), 6 survivors (6144K)
 Metaspace       used 119434K, committed 121664K, reserved 1179648K
  class space    used 16921K, committed 17984K, reserved 1048576K
}
Event: 21.045 GC heap after
{Heap after GC invocations=49 (full 0):
 garbage-first heap   total 229376K, used 140112K [0x0000000080000000, 0x0000000100000000)
  region size 1024K, 7 young (7168K), 7 survivors (7168K)
 Metaspace       used 119434K, committed 121664K, reserved 1179648K
  class space    used 16921K, committed 17984K, reserved 1048576K
}
Event: 21.336 GC heap before
{Heap before GC invocations=49 (full 0):
 garbage-first heap   total 229376K, used 208720K [0x0000000080000000, 0x0000000100000000)
  region size 1024K, 75 young (76800K), 7 survivors (7168K)
 Metaspace       used 120160K, committed 122432K, reserved 1179648K
  class space    used 17049K, committed 18112K, reserved 1048576K
}
Event: 21.344 GC heap after
{Heap after GC invocations=50 (full 0):
 garbage-first heap   total 229376K, used 141057K [0x0000000080000000, 0x0000000100000000)
  region size 1024K, 6 young (6144K), 6 survivors (6144K)
 Metaspace       used 120160K, committed 122432K, reserved 1179648K
  class space    used 17049K, committed 18112K, reserved 1048576K
}
Event: 21.633 GC heap before
{Heap before GC invocations=50 (full 0):
 garbage-first heap   total 229376K, used 195329K [0x0000000080000000, 0x0000000100000000)
  region size 1024K, 61 young (62464K), 6 survivors (6144K)
 Metaspace       used 120442K, committed 122560K, reserved 1179648K
  class space    used 17081K, committed 18112K, reserved 1048576K
}
Event: 21.638 GC heap after
{Heap after GC invocations=51 (full 0):
 garbage-first heap   total 229376K, used 142939K [0x0000000080000000, 0x0000000100000000)
  region size 1024K, 7 young (7168K), 7 survivors (7168K)
 Metaspace       used 120442K, committed 122560K, reserved 1179648K
  class space    used 17081K, committed 18112K, reserved 1048576K
}
Event: 22.378 GC heap before
{Heap before GC invocations=52 (full 0):
 garbage-first heap   total 253952K, used 252507K [0x0000000080000000, 0x0000000100000000)
  region size 1024K, 50 young (51200K), 7 survivors (7168K)
 Metaspace       used 122027K, committed 124288K, reserved 1179648K
  class space    used 17197K, committed 18304K, reserved 1048576K
}
Event: 22.389 GC heap after
{Heap after GC invocations=53 (full 0):
 garbage-first heap   total 268288K, used 211523K [0x0000000080000000, 0x0000000100000000)
  region size 1024K, 10 young (10240K), 10 survivors (10240K)
 Metaspace       used 122027K, committed 124288K, reserved 1179648K
  class space    used 17197K, committed 18304K, reserved 1048576K
}
Event: 23.148 GC heap before
{Heap before GC invocations=53 (full 0):
 garbage-first heap   total 268288K, used 266819K [0x0000000080000000, 0x0000000100000000)
  region size 1024K, 45 young (46080K), 10 survivors (10240K)
 Metaspace       used 125426K, committed 127744K, reserved 1179648K
  class space    used 17697K, committed 18816K, reserved 1048576K
}
Event: 23.155 GC heap after
{Heap after GC invocations=54 (full 0):
 garbage-first heap   total 287744K, used 230322K [0x0000000080000000, 0x0000000100000000)
  region size 1024K, 6 young (6144K), 6 survivors (6144K)
 Metaspace       used 125426K, committed 127744K, reserved 1179648K
  class space    used 17697K, committed 18816K, reserved 1048576K
}
Event: 23.156 GC heap before
{Heap before GC invocations=54 (full 0):
 garbage-first heap   total 287744K, used 230322K [0x0000000080000000, 0x0000000100000000)
  region size 1024K, 8 young (8192K), 6 survivors (6144K)
 Metaspace       used 125426K, committed 127744K, reserved 1179648K
  class space    used 17697K, committed 18816K, reserved 1048576K
}
Event: 23.159 GC heap after
{Heap after GC invocations=55 (full 0):
 garbage-first heap   total 287744K, used 230859K [0x0000000080000000, 0x0000000100000000)
  region size 1024K, 1 young (1024K), 1 survivors (1024K)
 Metaspace       used 125426K, committed 127744K, reserved 1179648K
  class space    used 17697K, committed 18816K, reserved 1048576K
}
Event: 23.211 GC heap before
{Heap before GC invocations=55 (full 0):
 garbage-first heap   total 354304K, used 352715K [0x0000000080000000, 0x0000000100000000)
  region size 1024K, 12 young (12288K), 1 survivors (1024K)
 Metaspace       used 125433K, committed 127744K, reserved 1179648K
  class space    used 17697K, committed 18816K, reserved 1048576K
}

